Solid Edge Translation to STL
Date: Thursday,April 18,2019 07:44PM
Source File:C:\Users\peter\Google Drive\SHC\Cansat\Cansat\CanSat\mechanical\SolidEdge\BATTERY_LOCK.par
Output File: C:\Users\peter\Google Drive\SHC\Cansat\Cansat\CanSat\mechanical\SolidEdge\BATTERY_LOCK.stl
Source System: SOLID EDGE

Hardware:
Processor: Intel(R) Core(TM) i5-8300H CPU @ 2.30GHz
Operating System: Windows 8
Memory: 7.89 GB

Software Information:
Parasolid Version: 30.0.167
Bodyshop Version: 30.0.81
Solid Edge Version: 110.00.00.107 x64

STL Export Options:
Output File Format:BINARY
Export Displayed Parts:Off
structureOption: Monolithic
Export Units:Millimeter
Export Tolerance Value:0.024000
Export Tolerance Type:Custom
Export Surface Plane Angle Value:0.523599

Translation progress:
Phase 1 of 2 Fetching Parasolid information...
Phase 2 of 2 Translating Parasolid to foreign data types...
Number of STL file Created : 1
Translation process completed
Time required to translate:00 : 00 : 00
