STEP translation to Solid Edge
Date: Tuesday,January 22,2019 07:25PM
Source File: D:\Documents\GitHub\CanSat\mechanical\SolidEdge\2018-cssf-300_asm.stp
Author: peter
Organization: Unknown
Source System: CREO PARAMETRIC BY PTC INC, 2018050

Hardware:
Processor: Intel(R) Core(TM) i5-7300HQ CPU @ 2.50GHz
Operating System: Windows 8
Installed Memory: 7.86 GB

Software Information
Parasolid Version: 30.0.167
PSBodyShop Version: 30.0.81
Step Adapter Version: 3.0.52
Solid Edge Version: 110.00.03.003 x64

Step Import Options
Import Faceted Bodies: On
Import Check Bodies: Off
Import Curves: On
Import DoNotSave: On
Import Multiple Bodies As Single Part File: On
Import Stitch Surfaces: On
Import Boolean Solids: On
Make Base Feature: On
Simplify Geometry: On
Import Imprint Curves: On
Import Drive: C:
Import Stitch Surfaces: On
Import Surfaces: On
Import Output Path: D:\Documents\GitHub\CanSat\mechanical\SolidEdge
Import Enable Default Output Path: On
Import Path: 

Translating to Parasolid data types...
+Begin Assembly: 1
+Created SE Assembly File D:\Documents\GitHub\CanSat\mechanical\SolidEdge\2018-cssf-300_asm.asm
|--+Created SE Part File D:\Documents\GitHub\CanSat\mechanical\SolidEdge\2018-CSSF-301.par
|--+Created SE Part File D:\Documents\GitHub\CanSat\mechanical\SolidEdge\57155K337_STAINLESS_STEEL_BALL_.par
|--+Created SE Part File D:\Documents\GitHub\CanSat\mechanical\SolidEdge\2018-CSSF-303_TOP.par
|--+Reusing File D:\Documents\GitHub\CanSat\mechanical\SolidEdge\57155K337_STAINLESS_STEEL_BALL_.par
|--+Created SE Part File D:\Documents\GitHub\CanSat\mechanical\SolidEdge\2018-CSSF-302.par
|--+Reusing File D:\Documents\GitHub\CanSat\mechanical\SolidEdge\57155K337_STAINLESS_STEEL_BALL_.par
|--+Created SE Part File D:\Documents\GitHub\CanSat\mechanical\SolidEdge\2018-CSSF-303.par
|--+Created SE Part File D:\Documents\GitHub\CanSat\mechanical\SolidEdge\ROTOR1_WING.par
|--+Reusing File D:\Documents\GitHub\CanSat\mechanical\SolidEdge\57155K337_STAINLESS_STEEL_BALL_.par
|--+Created SE Part File D:\Documents\GitHub\CanSat\mechanical\SolidEdge\2018-CSSF-306.par
|--+Reusing File D:\Documents\GitHub\CanSat\mechanical\SolidEdge\ROTOR1_WING.par
|--+Reusing File D:\Documents\GitHub\CanSat\mechanical\SolidEdge\ROTOR1_WING.par
|--+Reusing File D:\Documents\GitHub\CanSat\mechanical\SolidEdge\ROTOR1_WING.par
|--+Created SE Part File D:\Documents\GitHub\CanSat\mechanical\SolidEdge\ROTOR2_WING.par
|--+Reusing File D:\Documents\GitHub\CanSat\mechanical\SolidEdge\ROTOR2_WING.par
|--+Reusing File D:\Documents\GitHub\CanSat\mechanical\SolidEdge\ROTOR2_WING.par
|--+Reusing File D:\Documents\GitHub\CanSat\mechanical\SolidEdge\ROTOR2_WING.par
|--+Reusing File D:\Documents\GitHub\CanSat\mechanical\SolidEdge\2018-CSSF-306.par
|--+Reusing File D:\Documents\GitHub\CanSat\mechanical\SolidEdge\2018-CSSF-306.par
|--+Reusing File D:\Documents\GitHub\CanSat\mechanical\SolidEdge\2018-CSSF-306.par
|--+Reusing File D:\Documents\GitHub\CanSat\mechanical\SolidEdge\2018-CSSF-306.par
|--+Reusing File D:\Documents\GitHub\CanSat\mechanical\SolidEdge\2018-CSSF-306.par
|--+Reusing File D:\Documents\GitHub\CanSat\mechanical\SolidEdge\2018-CSSF-306.par
|--+Reusing File D:\Documents\GitHub\CanSat\mechanical\SolidEdge\2018-CSSF-306.par
+Total Parts: 87
+Assemblies: 0
+Solid Bodies: 87
+Sheet Bodies: 0
+End Assembly: 1
Translation process completed
Total time required to translate and post process:00 : 00 : 06
