Solid Edge Translation to STL
Date: Tuesday,February 12,2019 10:27AM
Source File:C:\Users\Zac's Machine\Documents\GitHub\CanSat\mechanical\AIRFOIL X-SECTIONS\20cm_0012_rotor_xsect_6_mirror.par
Output File: C:\Users\Zac's Machine\Documents\GitHub\CanSat\mechanical\AIRFOIL X-SECTIONS\20cm_0012_rotor_xsect_6_mirror.stl
Source System: SOLID EDGE

Hardware:
Processor: Intel(R) Core(TM) i5-7200U CPU @ 2.50GHz
Operating System: Windows 8
Memory: 7.87 GB

Software Information:
Parasolid Version: 30.0.167
Bodyshop Version: 30.0.81
Solid Edge Version: 110.00.00.107 x64

STL Export Options:
Output File Format:BINARY
Export Displayed Parts:Off
structureOption: Monolithic
Export Units:Inch
Export Tolerance Value:0.050000
Export Tolerance Type:Custom
Export Surface Plane Angle Value:0.523599

Translation progress:
Phase 1 of 2 Fetching Parasolid information...
Phase 2 of 2 Translating Parasolid to foreign data types...
Number of STL file Created : 1
Translation process completed
Time required to translate:00 : 00 : 00
