Solid Edge Translation to STL
Date: Thursday,June 06,2019 02:44PM
Source File:D:\GitHub\CanSat\mechanical\SolidEdge\3D Printed frame\hub_adapter_signboard v1_mir.par
Output File: D:\GitHub\CanSat\mechanical\SolidEdge\3D Printed frame\hub_adapter_signboard v1_mir.stl
Source System: SOLID EDGE

Hardware:
Processor: Intel(R) Core(TM) i7-8750H CPU @ 2.20GHz
Operating System: Windows 8
Memory: 7.79 GB

Software Information:
Parasolid Version: 30.0.167
Bodyshop Version: 30.0.81
Solid Edge Version: 110.00.00.107 x64

STL Export Options:
Output File Format:BINARY
Export Displayed Parts:Off
structureOption: Monolithic
Export Units:Millimeter
Export Tolerance Value:0.001000
Export Tolerance Type:Fine
Export Surface Plane Angle Value:0.523599

Translation progress:
Phase 1 of 2 Fetching Parasolid information...
Phase 2 of 2 Translating Parasolid to foreign data types...
Number of STL file Created : 1
Translation process completed
Time required to translate:00 : 00 : 00
