Solid Edge Translation To 3MF
Date: Monday,June 03,2019 09:34PM
Output File: D:\GitHub\CanSat\mechanical\SolidEdge\3 ROTOR\3_ROTOR_HUB.3mf
Author: Unknown
Organization: Unknown
Source System: SOLID EDGE

Hardware:
Processor: Intel(R) Core(TM) i7-8750H CPU @ 2.20GHz
Operating System: Windows 8
Memory: 7.79 GB

Software Information:
Parasolid Version: 30.0.167
Bodyshop Version: 30.0.81
3MF Adapter Version:2.0.45
Solid Edge Version: 110.00.00.107 x64

3MF Export Options
Export Construction Solids:Off
Export Displayed Parts:Off
Enable Logging:On
Export Units:Millimeters
Export Tolerance Value:1.250000
Export Tolerance Type:Custom
Export Surface Plane Angle Value:0.523599
Export Author:Unknown
Export Description:Unknown
Export Organization:Unknown
Export Program Name:Unknown

Translation progress:
Phase 1 of 1 Translating Parasolid to foreign data types...
Translation process completed
Time required to translate:00 : 00 : 01
